[23:41:06] [main/INFO] (FabricLoader/GameProvider) Loading Minecraft 1.19.2 with Fabric Loader 0.14.9
[23:41:06] [main/INFO] (FabricLoader) Loading 44 mods:
	- apple-pie 1.0.0
	- fabric-api 0.59.0+1.19.2
	- fabric-api-base 0.4.10+e62f51a390
	- fabric-api-lookup-api-v1 1.6.8+9ff28f4090
	- fabric-biome-api-v1 9.0.16+83a8659290
	- fabric-blockrenderlayer-v1 1.1.19+9ff28f4090
	- fabric-client-tags-api-v1 1.0.0+b35fea8390
	- fabric-command-api-v2 2.1.6+0c17ea9690
	- fabric-content-registries-v0 3.2.2+83a8659290
	- fabric-convention-tags-v1 1.1.0+7cd20a1490
	- fabric-crash-report-info-v1 0.2.4+bd0a0d4a90
	- fabric-data-generation-api-v1 5.1.7+a680b9b490
	- fabric-dimensions-v1 2.1.29+a6d2f78590
	- fabric-entity-events-v1 1.4.17+9ff28f4090
	- fabric-events-interaction-v0 0.4.27+9ff28f4090
	- fabric-game-rule-api-v1 1.0.20+1899036190
	- fabric-gametest-api-v1 1.0.34+e62f51a390
	- fabric-item-api-v1 1.5.6+35a03c4390
	- fabric-item-groups-v0 0.3.27+6bee109e90
	- fabric-key-binding-api-v1 1.0.19+9ff28f4090
	- fabric-lifecycle-events-v1 2.1.1+83a8659290
	- fabric-loot-api-v2 1.1.2+83a8659290
	- fabric-message-api-v1 5.0.2+176380a290
	- fabric-mining-level-api-v1 2.1.13+33fbc73890
	- fabric-models-v0 0.3.16+9ff28f4090
	- fabric-networking-api-v1 1.2.3+5eb68ef290
	- fabric-object-builder-api-v1 4.0.10+7675279690
	- fabric-particles-v1 1.0.9+dc39553a90
	- fabric-registry-sync-v0 0.9.23+23c4cfef90
	- fabric-renderer-api-v1 1.0.9+84f79e9d90
	- fabric-renderer-indigo 0.6.11+5187d39f90
	- fabric-rendering-data-attachment-v1 0.3.13+9ff28f4090
	- fabric-rendering-fluids-v1 3.0.6+9ff28f4090
	- fabric-rendering-v1 1.10.15+9ff28f4090
	- fabric-resource-conditions-api-v1 2.0.10+e62f51a390
	- fabric-resource-loader-v0 0.6.0+6bee109e90
	- fabric-screen-api-v1 1.0.25+f05effaf90
	- fabric-screen-handler-api-v1 1.2.12+9ff28f4090
	- fabric-textures-v0 1.0.19+9ff28f4090
	- fabric-transfer-api-v1 2.0.10+83a8659290
	- fabric-transitive-access-wideners-v1 1.2.0+1e232e1390
	- fabricloader 0.14.9
	- java 17
	- minecraft 1.19.2
[23:41:06] [main/INFO] (FabricLoader/Mixin) SpongePowered MIXIN Subsystem Version=0.8.5 Source=file:/home/wil/.gradle/caches/modules-2/files-2.1/net.fabricmc/sponge-mixin/0.11.4+mixin.0.8.5/c1dc27696aa4006e492c2485c9ccbcb26045a971/sponge-mixin-0.11.4+mixin.0.8.5.jar Service=Knot/Fabric Env=CLIENT
[23:41:06] [main/INFO] (FabricLoader/Mixin) Loaded Fabric development mappings for mixin remapper!
[23:41:06] [main/INFO] (FabricLoader/Mixin) Compatibility level set to JAVA_16
[23:41:06] [main/INFO] (FabricLoader/Mixin) Compatibility level set to JAVA_17
[23:41:07] [main/WARN] (FileUtil) Configuration conflict: there is more than one oshi.properties file on the classpath
[23:41:07] [main/WARN] (FileUtil) Configuration conflict: there is more than one oshi.architecture.properties file on the classpath
[23:41:10] [main/INFO] (Minecraft) Building optimized datafixer
[23:41:15] [Render thread/INFO] (Minecraft) Environment: authHost='https://authserver.mojang.com', accountsHost='https://api.mojang.com', sessionHost='https://sessionserver.mojang.com', servicesHost='https://api.minecraftservices.com', name='PROD'
[23:41:16] [Render thread/ERROR] (fabric-screen-api-v1) Failed to verify authentication
com.mojang.authlib.exceptions.InvalidCredentialsException: Status: 401
	at com.mojang.authlib.exceptions.MinecraftClientHttpException.toAuthenticationException(MinecraftClientHttpException.java:56) ~[authlib-3.11.49.jar:?]
	at com.mojang.authlib.yggdrasil.YggdrasilUserApiService.fetchProperties(YggdrasilUserApiService.java:155) ~[authlib-3.11.49.jar:?]
	at com.mojang.authlib.yggdrasil.YggdrasilUserApiService.<init>(YggdrasilUserApiService.java:55) ~[authlib-3.11.49.jar:?]
	at com.mojang.authlib.yggdrasil.YggdrasilAuthenticationService.createUserApiService(YggdrasilAuthenticationService.java:161) ~[authlib-3.11.49.jar:?]
	at net.minecraft.client.MinecraftClient.createUserApiService(MinecraftClient.java:701) [minecraft-project-@-merged-named.jar:?]
	at net.minecraft.client.MinecraftClient.<init>(MinecraftClient.java:503) [minecraft-project-@-merged-named.jar:?]
	at net.minecraft.client.main.Main.main(Main.java:185) [minecraft-project-@-merged-named.jar:?]
	at net.minecraft.client.main.Main.main(Main.java:56) [minecraft-project-@-merged-named.jar:?]
	at net.fabricmc.loader.impl.game.minecraft.MinecraftGameProvider.launch(MinecraftGameProvider.java:461) [fabric-loader-0.14.9.jar:?]
	at net.fabricmc.loader.impl.launch.knot.Knot.launch(Knot.java:74) [fabric-loader-0.14.9.jar:?]
	at net.fabricmc.loader.impl.launch.knot.KnotClient.main(KnotClient.java:23) [fabric-loader-0.14.9.jar:?]
	at net.fabricmc.devlaunchinjector.Main.main(Main.java:86) [dev-launch-injector-0.2.1+build.8.jar:?]
Caused by: com.mojang.authlib.exceptions.MinecraftClientHttpException: Status: 401
	at com.mojang.authlib.minecraft.client.MinecraftClient.readInputStream(MinecraftClient.java:85) ~[authlib-3.11.49.jar:?]
	at com.mojang.authlib.minecraft.client.MinecraftClient.get(MinecraftClient.java:48) ~[authlib-3.11.49.jar:?]
	at com.mojang.authlib.yggdrasil.YggdrasilUserApiService.fetchProperties(YggdrasilUserApiService.java:129) ~[authlib-3.11.49.jar:?]
	... 10 more
[23:41:16] [Render thread/INFO] (fabric-screen-api-v1) Setting user: Player207
[23:41:17] [Render thread/INFO] (Indigo) [Indigo] Registering Indigo renderer!
[23:41:17] [Render thread/INFO] (fabric-screen-api-v1) Backend library: LWJGL version 3.3.1 SNAPSHOT
[23:41:19] [Worker-Main-9/ERROR] (Minecraft) Failed to retrieve profile key pair
java.io.IOException: Could not retrieve profile key pair
	at net.minecraft.client.util.ProfileKeys.fetchKeyPair(ProfileKeys.java:179) ~[minecraft-project-@-merged-named.jar:?]
	at net.minecraft.client.util.ProfileKeys.method_44291(ProfileKeys.java:79) ~[minecraft-project-@-merged-named.jar:?]
	at java.util.concurrent.CompletableFuture$AsyncSupply.run(CompletableFuture.java:1768) [?:?]
	at java.util.concurrent.CompletableFuture$AsyncSupply.exec(CompletableFuture.java:1760) [?:?]
	at java.util.concurrent.ForkJoinTask.doExec(ForkJoinTask.java:373) [?:?]
	at java.util.concurrent.ForkJoinPool$WorkQueue.topLevelExec(ForkJoinPool.java:1182) [?:?]
	at java.util.concurrent.ForkJoinPool.scan(ForkJoinPool.java:1655) [?:?]
	at java.util.concurrent.ForkJoinPool.runWorker(ForkJoinPool.java:1622) [?:?]
	at java.util.concurrent.ForkJoinWorkerThread.run(ForkJoinWorkerThread.java:165) [?:?]
[23:41:19] [Render thread/WARN] (Minecraft) ERROR : Couldn't load Narrator library
java.lang.UnsatisfiedLinkError: libflite.so.1: cannot open shared object file: No such file or directory
	at com.sun.jna.Native.open(Native Method) ~[jna-5.10.0.jar:?]
	at com.sun.jna.NativeLibrary.loadLibrary(NativeLibrary.java:277) ~[jna-5.10.0.jar:?]
	at com.sun.jna.NativeLibrary.getInstance(NativeLibrary.java:461) ~[jna-5.10.0.jar:?]
	at com.sun.jna.NativeLibrary.getInstance(NativeLibrary.java:403) ~[jna-5.10.0.jar:?]
	at com.mojang.text2speech.NarratorLinux.<clinit>(NarratorLinux.java:18) [text2speech-1.13.9.jar:?]
	at com.mojang.text2speech.Narrator.getNarrator(Narrator.java:21) [text2speech-1.13.9.jar:?]
	at net.minecraft.client.util.NarratorManager.<init>(NarratorManager.java:28) [minecraft-project-@-merged-named.jar:?]
	at net.minecraft.client.MinecraftClient.<init>(MinecraftClient.java:635) [minecraft-project-@-merged-named.jar:?]
	at net.minecraft.client.main.Main.main(Main.java:185) [minecraft-project-@-merged-named.jar:?]
	at net.minecraft.client.main.Main.main(Main.java:56) [minecraft-project-@-merged-named.jar:?]
	at net.fabricmc.loader.impl.game.minecraft.MinecraftGameProvider.launch(MinecraftGameProvider.java:461) [fabric-loader-0.14.9.jar:?]
	at net.fabricmc.loader.impl.launch.knot.Knot.launch(Knot.java:74) [fabric-loader-0.14.9.jar:?]
	at net.fabricmc.loader.impl.launch.knot.KnotClient.main(KnotClient.java:23) [fabric-loader-0.14.9.jar:?]
	at net.fabricmc.devlaunchinjector.Main.main(Main.java:86) [dev-launch-injector-0.2.1+build.8.jar:?]
[23:41:19] [Render thread/INFO] (Minecraft) Reloading ResourceManager: Default, Fabric Mods (Fabric API Lookup API (v1), Fabric Message API (v1), Fabric Renderer API (v1), Fabric Rendering Data Attachment (v1), Fabric Lifecycle Events (v1), Fabric Transfer API (v1), Fabric Entity Events (v1), Fabric Convention Tags, Fabric API Base, Fabric Command API (v2), Fabric Item API (v1), Fabric Mining Level API (v1), Fabric Key Binding API (v1), Fabric Resource Loader (v0), Fabric Textures (v0), Fabric Transitive Access Wideners (v1), Fabric Game Rule API (v1), Fabric API, Fabric Registry Sync (v0), Fabric Client Tags, Fabric Renderer - Indigo, Apple Pie Mod, Fabric Rendering Fluids (v1), Fabric Resource Conditions API (v1), Fabric Particles (v1), Fabric Dimensions API (v1), Fabric Models (v0), Fabric Loader, Fabric Item Groups (v0), Fabric Biome API (v1), Fabric Data Generation API (v1), Fabric Crash Report Info (v1), Fabric Events Interaction (v0), Fabric Content Registries (v0), Fabric Loot API (v2), Fabric Screen API (v1), Fabric Object Builder API (v1), Fabric Screen Handler API (v1), Fabric Rendering (v1), Fabric Game Test API (v1), Fabric Networking API (v1), Fabric BlockRenderLayer Registration (v1))
[23:41:20] [Realms Notification Availability checker #1/INFO] (Minecraft) Could not authorize you against Realms server: Invalid session id
[23:41:23] [Render thread/WARN] (Minecraft) Missing sound for event: minecraft:item.goat_horn.play
[23:41:23] [Render thread/WARN] (Minecraft) Missing sound for event: minecraft:entity.goat.screaming.horn_break
[23:41:23] [Render thread/INFO] (Minecraft) OpenAL initialized on device JACK Default
[23:41:23] [Render thread/INFO] (Minecraft) Sound engine started
[23:41:23] [Render thread/INFO] (Minecraft) Created: 1024x1024x4 minecraft:textures/atlas/blocks.png-atlas
[23:41:23] [Render thread/INFO] (Minecraft) Created: 256x128x4 minecraft:textures/atlas/signs.png-atlas
[23:41:23] [Render thread/INFO] (Minecraft) Created: 1024x512x4 minecraft:textures/atlas/banner_patterns.png-atlas
[23:41:23] [Render thread/INFO] (Minecraft) Created: 1024x512x4 minecraft:textures/atlas/shield_patterns.png-atlas
[23:41:23] [Render thread/INFO] (Minecraft) Created: 256x256x4 minecraft:textures/atlas/chest.png-atlas
[23:41:23] [Render thread/INFO] (Minecraft) Created: 512x256x4 minecraft:textures/atlas/beds.png-atlas
[23:41:23] [Render thread/INFO] (Minecraft) Created: 512x256x4 minecraft:textures/atlas/shulker_boxes.png-atlas
[23:41:25] [Render thread/WARN] (Minecraft) Shader rendertype_entity_translucent_emissive could not find sampler named Sampler2 in the specified shader program.
[23:41:25] [Render thread/INFO] (Minecraft) Created: 512x256x0 minecraft:textures/atlas/particles.png-atlas
[23:41:25] [Render thread/INFO] (Minecraft) Created: 256x256x0 minecraft:textures/atlas/paintings.png-atlas
[23:41:25] [Render thread/INFO] (Minecraft) Created: 256x128x0 minecraft:textures/atlas/mob_effects.png-atlas
[23:41:33] [Render thread/INFO] (Minecraft) Loaded 7 recipes
[23:41:33] [Render thread/INFO] (Minecraft) Loaded 1179 advancements
[23:41:35] [Worker-Main-13/ERROR] (Minecraft) Failed to retrieve profile key pair
java.io.IOException: Could not retrieve profile key pair
	at net.minecraft.client.util.ProfileKeys.fetchKeyPair(ProfileKeys.java:179) ~[minecraft-project-@-merged-named.jar:?]
	at net.minecraft.client.util.ProfileKeys.method_44291(ProfileKeys.java:79) ~[minecraft-project-@-merged-named.jar:?]
	at java.util.concurrent.CompletableFuture$AsyncSupply.run(CompletableFuture.java:1768) [?:?]
	at java.util.concurrent.CompletableFuture$AsyncSupply.exec(CompletableFuture.java:1760) [?:?]
	at java.util.concurrent.ForkJoinTask.doExec(ForkJoinTask.java:373) [?:?]
	at java.util.concurrent.ForkJoinPool$WorkQueue.topLevelExec(ForkJoinPool.java:1182) [?:?]
	at java.util.concurrent.ForkJoinPool.scan(ForkJoinPool.java:1655) [?:?]
	at java.util.concurrent.ForkJoinPool.runWorker(ForkJoinPool.java:1622) [?:?]
	at java.util.concurrent.ForkJoinWorkerThread.run(ForkJoinWorkerThread.java:165) [?:?]
[23:41:35] [Render thread/INFO] (BiomeModificationImpl) Applied 0 biome modifications to 0 of 63 new biomes in 4.012 ms
[23:41:35] [Server thread/INFO] (Minecraft) Starting integrated minecraft server version 1.19.2
[23:41:35] [Server thread/INFO] (Minecraft) Generating keypair
[23:41:36] [Server thread/INFO] (Minecraft) Preparing start region for dimension minecraft:overworld
[23:41:43] [Render thread/INFO] (Minecraft) Preparing spawn area: 0%
[23:41:43] [Render thread/INFO] (Minecraft) Preparing spawn area: 0%
[23:41:43] [Render thread/INFO] (Minecraft) Preparing spawn area: 0%
[23:41:43] [Render thread/INFO] (Minecraft) Preparing spawn area: 0%
[23:41:43] [Render thread/INFO] (Minecraft) Preparing spawn area: 0%
[23:41:43] [Render thread/INFO] (Minecraft) Preparing spawn area: 0%
[23:41:43] [Render thread/INFO] (Minecraft) Preparing spawn area: 0%
[23:41:43] [Render thread/INFO] (Minecraft) Preparing spawn area: 0%
[23:41:43] [Render thread/INFO] (Minecraft) Preparing spawn area: 0%
[23:41:43] [Render thread/INFO] (Minecraft) Preparing spawn area: 0%
[23:41:43] [Render thread/INFO] (Minecraft) Preparing spawn area: 0%
[23:41:43] [Render thread/INFO] (Minecraft) Preparing spawn area: 0%
[23:41:43] [Render thread/INFO] (Minecraft) Preparing spawn area: 0%
[23:41:43] [Render thread/INFO] (Minecraft) Preparing spawn area: 0%
[23:41:43] [Render thread/INFO] (Minecraft) Preparing spawn area: 7%
[23:41:44] [Render thread/INFO] (Minecraft) Preparing spawn area: 38%
[23:41:44] [Render thread/INFO] (Minecraft) Preparing spawn area: 98%
[23:41:44] [Render thread/INFO] (Minecraft) Time elapsed: 8358 ms
[23:41:45] [Server thread/INFO] (Minecraft) Changing view distance to 4, from 10
[23:41:45] [Server thread/INFO] (Minecraft) Changing simulation distance to 6, from 0
[23:41:46] [Server thread/INFO] (Minecraft) Player207[local:E:ed8d6f61] logged in with entity id 244 at (16.904606779507564, 72.0, 3.317135525227581)
[23:41:46] [Server thread/INFO] (Minecraft) Player207 joined the game
[23:41:47] [Render thread/INFO] (Minecraft) Loaded 10 advancements
[23:41:57] [Server thread/INFO] (Minecraft) [Player207: Set own game mode to Creative Mode]
[23:41:57] [Render thread/INFO] (Minecraft) [System] [CHAT] Set own game mode to Creative Mode
[23:42:03] [Render thread/INFO] (Minecraft) Loaded 13 advancements
[23:42:11] [Worker-Bootstrap-3/INFO] (Minecraft) 4283 Datafixer optimizations took 60707 milliseconds
[23:42:12] [Render thread/INFO] (Minecraft) Loaded 14 advancements
[23:50:26] [Server thread/INFO] (Minecraft) Saving and pausing game...
[23:50:26] [Server thread/INFO] (Minecraft) Saving chunks for level 'ServerLevel[New World]'/minecraft:overworld
[23:50:26] [Server thread/INFO] (Minecraft) Saving chunks for level 'ServerLevel[New World]'/minecraft:the_end
[23:50:26] [Server thread/INFO] (Minecraft) Saving chunks for level 'ServerLevel[New World]'/minecraft:the_nether
[23:50:27] [Server thread/INFO] (Minecraft) Player207 lost connection: Disconnected
[23:50:27] [Server thread/INFO] (Minecraft) Player207 left the game
[23:50:27] [Server thread/INFO] (Minecraft) Stopping singleplayer server as player logged out
[23:50:27] [Server thread/INFO] (Minecraft) Stopping server
[23:50:27] [Server thread/INFO] (Minecraft) Saving players
[23:50:27] [Server thread/INFO] (Minecraft) Saving worlds
[23:50:27] [Server thread/INFO] (Minecraft) Saving chunks for level 'ServerLevel[New World]'/minecraft:overworld
[23:50:28] [Server thread/INFO] (Minecraft) Saving chunks for level 'ServerLevel[New World]'/minecraft:the_end
[23:50:28] [Server thread/INFO] (Minecraft) Saving chunks for level 'ServerLevel[New World]'/minecraft:the_nether
[23:50:28] [Server thread/INFO] (Minecraft) ThreadedAnvilChunkStorage (New World): All chunks are saved
[23:50:28] [Server thread/INFO] (Minecraft) ThreadedAnvilChunkStorage (DIM1): All chunks are saved
[23:50:28] [Server thread/INFO] (Minecraft) ThreadedAnvilChunkStorage (DIM-1): All chunks are saved
[23:50:28] [Server thread/INFO] (Minecraft) ThreadedAnvilChunkStorage: All dimensions are saved
[23:50:28] [Render thread/INFO] (fabric-screen-api-v1) Stopping!
